c:\users\hrojas\source\repos\ann\ann\numbers_nn\debug\numbers_nn.pch.codeanalysis
c:\users\hrojas\source\repos\ann\ann\numbers_nn\debug\vc141.pdb
c:\users\hrojas\source\repos\ann\ann\numbers_nn\debug\vc141.idb
c:\users\hrojas\source\repos\ann\ann\numbers_nn\debug\numbers_nn.pch.codeanalysisast
c:\users\hrojas\source\repos\ann\ann\numbers_nn\debug\stdafx.nativecodeanalysis.xml
c:\users\hrojas\source\repos\ann\ann\numbers_nn\debug\stdafx.obj
c:\users\hrojas\source\repos\ann\ann\numbers_nn\debug\numbers_nn.nativecodeanalysis.xml
c:\users\hrojas\source\repos\ann\ann\numbers_nn\debug\numbers_nn.obj
c:\users\hrojas\source\repos\ann\ann\debug\numbers_nn.ilk
c:\users\hrojas\source\repos\ann\ann\debug\numbers_nn.exe
c:\users\hrojas\source\repos\ann\ann\debug\numbers_nn.pdb
c:\users\hrojas\source\repos\ann\ann\numbers_nn\debug\nativecodeanalysis.read.1.tlog
c:\users\hrojas\source\repos\ann\ann\numbers_nn\debug\vc.nativecodeanalysis.all.xml
c:\users\hrojas\source\repos\ann\ann\debug\numbers_nn.exe.lastcodeanalysissucceeded
c:\users\hrojas\source\repos\ann\ann\numbers_nn\debug\numbers_nn.tlog\cl.command.1.tlog
c:\users\hrojas\source\repos\ann\ann\numbers_nn\debug\numbers_nn.tlog\cl.read.1.tlog
c:\users\hrojas\source\repos\ann\ann\numbers_nn\debug\numbers_nn.tlog\cl.write.1.tlog
c:\users\hrojas\source\repos\ann\ann\numbers_nn\debug\numbers_nn.tlog\link.command.1.tlog
c:\users\hrojas\source\repos\ann\ann\numbers_nn\debug\numbers_nn.tlog\link.read.1.tlog
c:\users\hrojas\source\repos\ann\ann\numbers_nn\debug\numbers_nn.tlog\link.write.1.tlog
