c:\users\henry\source\repos\ann\ann\ann\debug\ann.pch
c:\users\henry\source\repos\ann\ann\ann\debug\vc140.pdb
c:\users\henry\source\repos\ann\ann\ann\debug\vc140.idb
c:\users\henry\source\repos\ann\ann\ann\debug\stdafx.obj
c:\users\henry\source\repos\ann\ann\ann\debug\ann.pdb
c:\users\henry\source\repos\ann\ann\ann\debug\ann.idb
c:\users\henry\source\repos\ann\ann\ann\debug\ann.obj
c:\users\henry\source\repos\ann\ann\ann\debug\image_parser.obj
c:\users\henry\source\repos\ann\ann\debug\ann.lib
c:\users\henry\source\repos\ann\ann\debug\ann.ilk
c:\users\henry\source\repos\ann\ann\debug\ann.dll
c:\users\henry\source\repos\ann\ann\debug\ann.pdb
c:\users\henry\source\repos\ann\ann\ann\debug\ann.tlog\cl.command.1.tlog
c:\users\henry\source\repos\ann\ann\ann\debug\ann.tlog\cl.read.1.tlog
c:\users\henry\source\repos\ann\ann\ann\debug\ann.tlog\cl.write.1.tlog
c:\users\henry\source\repos\ann\ann\ann\debug\ann.tlog\lib-link.read.1.tlog
c:\users\henry\source\repos\ann\ann\ann\debug\ann.tlog\lib-link.write.1.tlog
c:\users\henry\source\repos\ann\ann\ann\debug\ann.tlog\lib.command.1.tlog
c:\users\henry\source\repos\ann\ann\ann\debug\ann.tlog\link.command.1.tlog
c:\users\henry\source\repos\ann\ann\ann\debug\ann.tlog\link.read.1.tlog
c:\users\henry\source\repos\ann\ann\ann\debug\ann.tlog\link.write.1.tlog
